<?xml version="1.0" encoding="UTF-8"?>
<!-- Generated by org.testng.reporters.JUnitXMLReporter -->
<testsuite ignored="0" hostname="LAPTOP-PFIONNJC" failures="0" tests="4" name="Default test" time="27.795" errors="0" timestamp="2022-03-20T00:37:56 GMT">
  <testcase classname="intellisense.QA.IntellisenseTest" name="firsttest" time="8.831"/>
  <testcase classname="intellisense.QA.IntellisenseTest" name="fourthtest" time="0.084"/>
  <testcase classname="intellisense.QA.IntellisenseTest" name="secondtest" time="0.006"/>
  <testcase classname="intellisense.QA.IntellisenseTest" name="thirdtest" time="0.131"/>
</testsuite> <!-- Default test -->
